SF:lib\models\incident.dart
DA:27,6
LF:1
LH:1
end_of_record
SF:lib\models\user.dart
DA:6,5
LF:1
LH:1
end_of_record
SF:lib\components\app_drawer.dart
DA:11,3
DA:44,3
DA:48,3
DA:50,3
DA:51,3
DA:53,3
DA:54,3
DA:57,3
DA:58,6
DA:60,3
DA:61,3
DA:62,3
DA:64,3
DA:65,2
DA:68,3
DA:70,3
DA:71,3
DA:74,3
DA:75,3
DA:77,3
DA:91,3
DA:92,3
DA:94,3
DA:96,3
DA:97,3
DA:100,3
DA:102,3
DA:103,3
DA:112,3
DA:114,3
DA:122,3
DA:123,1
DA:124,3
DA:132,3
DA:133,3
DA:134,3
DA:146,3
DA:150,9
DA:152,3
DA:154,3
DA:156,3
DA:157,6
DA:158,3
DA:159,3
DA:162,3
DA:163,6
DA:164,3
DA:171,1
DA:172,1
DA:174,2
DA:180,1
DA:181,1
DA:182,2
DA:191,3
LF:54
LH:54
end_of_record
SF:lib\services\auth_service.dart
DA:34,4
DA:35,8
DA:36,4
DA:38,8
DA:41,4
DA:42,12
DA:48,5
LF:7
LH:7
end_of_record
SF:lib\theme\app_theme.dart
DA:75,10
DA:105,10
DA:110,10
DA:111,10
DA:121,10
DA:127,10
DA:134,10
DA:135,10
DA:139,10
DA:140,10
DA:142,10
DA:152,10
DA:153,10
DA:155,10
DA:159,10
DA:163,10
DA:170,10
DA:177,10
DA:185,10
LF:19
LH:19
end_of_record
SF:lib\components\nav_bar.dart
DA:8,9
DA:14,9
DA:16,9
DA:17,9
DA:18,9
DA:22,9
DA:23,9
DA:24,9
DA:30,9
DA:32,9
DA:34,9
DA:36,9
DA:37,9
DA:38,9
DA:39,9
DA:40,9
DA:41,9
DA:49,9
DA:50,18
DA:55,9
DA:56,9
DA:57,9
DA:59,9
DA:60,9
DA:68,9
DA:69,9
DA:71,9
DA:72,9
DA:78,9
DA:79,9
DA:80,9
DA:83,9
LF:32
LH:32
end_of_record
SF:lib\screens\alerts_screen.dart
DA:8,2
DA:10,3
DA:12,3
DA:15,3
DA:16,3
DA:19,3
DA:20,6
DA:22,3
DA:26,3
DA:28,3
DA:35,3
DA:36,3
DA:38,0
DA:41,3
DA:43,6
DA:46,3
DA:47,3
DA:48,3
DA:50,3
DA:52,3
DA:53,3
DA:55,3
DA:57,3
DA:64,3
DA:65,3
DA:66,3
DA:70,3
DA:77,3
DA:78,3
DA:79,3
DA:83,3
DA:90,3
DA:91,3
DA:95,3
DA:100,3
DA:104,3
DA:106,1
DA:107,1
DA:108,1
DA:117,1
DA:125,1
DA:127,1
DA:134,3
DA:135,3
DA:137,3
DA:138,3
DA:140,3
DA:146,3
DA:148,3
DA:150,3
DA:151,6
DA:153,3
DA:155,3
DA:157,3
DA:158,3
DA:160,3
DA:161,3
DA:164,3
DA:166,3
DA:172,3
DA:174,3
DA:191,3
DA:192,3
DA:194,3
DA:196,3
DA:197,6
DA:199,3
DA:200,3
DA:202,3
DA:205,3
DA:207,3
DA:210,3
DA:211,3
DA:214,3
DA:215,3
DA:217,3
DA:218,3
DA:220,3
DA:228,3
DA:230,3
DA:240,3
DA:242,3
DA:258,3
DA:266,3
DA:269,3
DA:270,3
DA:278,3
DA:280,3
DA:282,3
DA:283,6
DA:286,3
DA:288,3
DA:290,3
DA:292,3
DA:293,3
DA:296,3
DA:299,3
DA:302,3
DA:303,3
DA:309,3
DA:311,3
DA:313,3
DA:315,3
DA:317,3
DA:318,3
DA:319,3
DA:320,3
DA:322,3
DA:325,3
DA:326,3
DA:327,3
DA:329,3
DA:331,3
DA:341,3
DA:343,3
DA:354,3
DA:356,3
DA:366,3
DA:368,3
DA:378,3
DA:387,3
DA:389,3
DA:391,3
DA:393,3
DA:394,6
DA:396,3
DA:398,3
DA:399,6
DA:403,3
DA:404,3
DA:405,3
DA:415,3
DA:418,3
DA:420,3
DA:421,3
DA:423,3
DA:431,3
DA:451,3
DA:452,3
DA:454,3
DA:456,3
DA:458,3
DA:459,6
DA:461,3
DA:463,3
DA:465,3
DA:467,3
DA:468,3
DA:469,3
DA:472,3
DA:475,3
DA:476,3
DA:477,3
DA:479,3
DA:481,3
DA:491,3
DA:493,3
DA:504,3
DA:506,3
DA:516,3
DA:518,3
DA:539,3
LF:162
LH:161
end_of_record
SF:lib\screens\dashboard_screen.dart
DA:7,2
DA:9,5
DA:10,5
DA:32,5
DA:34,5
DA:35,5
DA:37,5
DA:39,5
DA:42,5
DA:43,10
DA:45,3
DA:49,5
DA:51,5
DA:58,5
DA:59,5
DA:61,5
DA:62,5
DA:64,0
DA:66,5
DA:69,5
DA:81,5
DA:83,5
DA:85,5
DA:89,5
DA:90,5
DA:91,5
DA:92,5
DA:94,5
DA:96,5
DA:97,5
DA:99,5
DA:101,5
DA:103,5
DA:108,5
DA:112,5
DA:113,5
DA:114,1
DA:115,2
DA:116,3
DA:117,1
DA:126,5
DA:127,5
DA:129,5
DA:130,5
DA:132,5
DA:133,5
DA:135,5
DA:143,5
DA:144,5
DA:145,5
DA:154,5
DA:156,5
DA:166,5
DA:168,5
DA:169,5
DA:170,10
DA:171,5
DA:173,5
DA:175,5
DA:186,5
DA:187,5
DA:188,5
DA:190,5
DA:192,5
DA:194,10
DA:195,5
DA:197,5
DA:199,5
DA:200,5
DA:202,5
DA:203,5
DA:205,5
DA:208,5
DA:209,15
DA:210,5
DA:220,5
DA:221,5
DA:222,5
DA:223,5
DA:225,15
DA:230,5
DA:231,5
DA:233,15
DA:243,5
DA:244,5
DA:246,5
DA:247,5
DA:248,10
DA:249,5
DA:251,5
DA:253,5
DA:254,5
DA:256,10
DA:259,10
DA:265,5
DA:266,5
DA:268,5
DA:269,5
DA:271,5
DA:274,5
DA:275,5
DA:276,5
DA:277,10
DA:278,5
DA:280,5
DA:281,5
DA:282,5
DA:284,5
DA:285,5
DA:288,15
DA:293,5
DA:294,5
DA:295,5
DA:296,5
DA:305,5
DA:306,5
DA:308,5
DA:310,5
DA:311,10
DA:312,5
DA:314,5
DA:315,5
DA:316,5
DA:317,10
DA:319,5
DA:321,5
DA:329,5
DA:330,10
DA:331,5
DA:333,5
DA:334,5
DA:336,5
DA:339,5
DA:340,5
DA:341,5
DA:342,10
DA:343,5
DA:345,5
DA:346,5
DA:347,5
DA:349,5
DA:350,5
DA:351,20
DA:352,20
DA:353,20
DA:358,10
DA:359,10
DA:360,5
DA:362,5
DA:363,5
DA:364,5
DA:366,15
DA:368,5
DA:370,15
DA:372,5
DA:374,5
DA:375,5
DA:376,10
DA:378,15
DA:393,1
DA:401,1
DA:403,1
LF:162
LH:161
end_of_record
SF:lib\screens\login_screen.dart
DA:8,2
DA:10,4
DA:11,4
DA:27,4
DA:29,4
DA:30,8
DA:34,12
DA:35,8
DA:38,12
DA:39,4
DA:40,8
DA:44,4
DA:46,8
DA:47,8
DA:48,8
DA:49,4
DA:52,1
DA:53,3
DA:54,3
DA:56,2
DA:57,1
DA:61,3
DA:64,2
DA:65,1
DA:67,1
DA:69,3
DA:72,1
DA:73,1
DA:75,1
DA:76,1
DA:77,1
DA:78,1
DA:82,1
DA:87,1
DA:88,3
DA:89,1
DA:90,1
DA:91,1
DA:94,1
DA:95,1
DA:97,1
DA:107,2
DA:113,4
DA:115,4
DA:116,4
DA:117,4
DA:119,4
DA:120,4
DA:135,4
DA:136,8
DA:140,4
DA:141,4
DA:142,4
DA:144,4
DA:146,4
DA:148,4
DA:149,4
DA:151,4
DA:153,4
DA:168,4
DA:169,4
DA:170,4
DA:172,4
DA:173,4
DA:174,4
DA:175,4
DA:178,4
DA:181,4
DA:182,4
DA:183,4
DA:185,12
DA:201,4
DA:203,4
DA:212,4
DA:214,4
DA:228,4
DA:229,4
DA:230,4
DA:232,4
DA:233,4
DA:236,4
DA:238,4
DA:240,8
DA:242,4
DA:244,4
DA:246,4
DA:248,4
DA:250,4
DA:254,4
DA:256,4
DA:260,4
DA:262,4
DA:266,4
DA:275,4
DA:276,4
DA:278,4
DA:288,4
DA:289,4
DA:290,16
DA:291,8
DA:292,4
DA:293,4
DA:294,0
DA:295,4
DA:297,4
DA:298,4
DA:299,4
DA:302,4
DA:306,4
DA:307,4
DA:309,4
DA:310,4
DA:313,4
DA:314,4
DA:315,4
DA:321,4
DA:322,4
DA:324,4
DA:325,8
DA:327,4
DA:333,4
DA:346,4
DA:347,4
DA:352,4
DA:353,4
DA:354,4
DA:360,4
DA:367,4
DA:384,4
DA:385,4
DA:390,4
DA:391,4
DA:392,4
DA:393,4
DA:399,4
DA:405,4
DA:406,5
DA:407,4
DA:408,4
DA:414,4
DA:431,4
DA:432,4
DA:433,4
DA:434,4
DA:435,4
DA:436,4
DA:437,4
DA:438,4
DA:439,4
DA:441,16
DA:447,4
DA:448,8
DA:449,4
DA:453,4
DA:454,4
DA:456,4
DA:458,4
DA:467,4
DA:469,4
DA:472,4
DA:474,4
DA:491,4
DA:492,4
DA:494,4
DA:497,4
DA:499,4
LF:166
LH:165
end_of_record
SF:lib\screens\map_screen.dart
DA:24,2
DA:26,3
DA:27,3
DA:40,3
DA:42,6
DA:43,6
DA:44,3
DA:47,3
DA:49,3
DA:50,3
DA:51,10
DA:52,6
DA:53,2
DA:54,4
DA:57,6
DA:60,3
DA:61,0
DA:62,3
DA:63,3
DA:64,9
DA:67,1
DA:68,4
DA:69,4
DA:72,1
DA:73,4
DA:74,4
DA:77,1
DA:78,1
DA:79,4
DA:82,3
DA:84,3
DA:88,3
DA:90,3
DA:93,3
DA:94,6
DA:96,0
DA:100,3
DA:102,3
DA:109,3
DA:110,3
DA:112,0
DA:115,3
DA:117,3
DA:119,3
DA:123,3
DA:124,3
DA:128,3
DA:129,3
DA:130,3
DA:131,3
DA:132,3
DA:133,3
DA:136,1
DA:137,2
DA:138,2
DA:141,3
DA:142,3
DA:146,3
DA:147,9
DA:148,3
DA:149,9
DA:152,3
DA:153,2
DA:154,3
DA:156,6
DA:158,3
DA:160,6
DA:164,3
DA:171,3
DA:172,3
DA:173,3
DA:174,3
DA:182,3
DA:185,3
DA:187,3
DA:189,3
DA:190,3
DA:191,3
DA:194,3
DA:197,3
DA:200,3
DA:203,3
DA:206,3
DA:209,3
DA:213,1
DA:214,2
DA:228,3
DA:231,3
DA:237,3
DA:241,3
DA:247,3
DA:251,3
DA:252,3
DA:253,1
DA:254,2
DA:255,3
DA:256,1
DA:265,1
DA:273,1
DA:275,1
DA:282,3
DA:288,3
DA:289,3
DA:290,3
DA:291,3
DA:292,3
DA:295,3
DA:296,3
DA:297,3
DA:298,6
DA:300,3
DA:306,3
DA:320,3
DA:321,3
DA:322,3
DA:323,3
DA:324,3
DA:325,3
DA:328,3
DA:329,3
DA:330,3
DA:331,6
DA:333,3
DA:336,3
DA:337,3
DA:339,3
DA:347,3
DA:354,3
DA:361,3
DA:368,3
DA:380,3
DA:386,3
DA:387,3
DA:388,3
DA:391,3
DA:395,6
DA:400,3
DA:402,3
DA:412,3
DA:417,3
DA:418,3
DA:419,3
DA:421,3
DA:423,3
DA:436,1
DA:437,1
DA:438,1
DA:441,1
DA:442,1
DA:446,1
DA:447,1
DA:448,1
DA:453,1
DA:455,1
DA:456,3
DA:458,5
DA:460,3
DA:462,1
DA:464,1
DA:465,1
DA:467,1
DA:468,2
DA:469,2
DA:470,1
DA:471,2
DA:472,1
DA:476,1
DA:478,1
DA:479,2
DA:480,2
DA:481,1
DA:482,2
DA:483,1
DA:487,1
DA:489,1
DA:490,2
DA:491,2
DA:492,1
DA:493,2
DA:494,1
DA:498,1
DA:500,0
DA:501,0
DA:502,0
DA:503,0
DA:504,0
DA:506,0
DA:511,0
DA:512,0
DA:514,0
DA:517,0
DA:519,0
DA:520,0
DA:521,0
DA:528,0
DA:529,0
DA:530,0
DA:531,0
DA:532,0
DA:533,0
DA:541,1
DA:543,0
DA:544,0
DA:545,0
DA:546,0
DA:547,0
DA:549,0
DA:554,0
DA:555,0
DA:557,0
DA:560,0
DA:562,0
DA:563,0
DA:564,0
DA:571,0
DA:572,0
DA:573,0
DA:574,0
DA:575,0
DA:588,3
DA:596,3
DA:598,3
DA:599,3
DA:601,3
DA:604,6
DA:605,6
DA:607,3
DA:611,3
DA:612,3
DA:613,3
DA:614,3
DA:615,3
DA:617,3
DA:618,3
DA:619,3
DA:621,6
DA:623,3
DA:625,3
DA:641,0
DA:647,0
DA:649,0
DA:652,0
DA:653,0
DA:655,0
DA:662,3
DA:663,3
DA:664,3
DA:665,3
DA:671,3
DA:673,3
DA:674,3
DA:675,3
DA:677,3
DA:679,3
DA:683,3
DA:685,3
DA:689,3
DA:691,3
DA:693,3
DA:695,3
DA:697,3
DA:698,3
DA:700,3
DA:703,3
DA:707,3
DA:710,3
DA:712,3
DA:713,3
DA:714,3
DA:716,3
DA:718,3
DA:720,3
DA:733,3
DA:734,3
DA:735,6
DA:744,6
DA:757,3
DA:771,3
DA:779,3
DA:781,3
DA:783,3
DA:784,6
DA:786,3
DA:788,3
DA:789,3
DA:791,3
DA:799,3
DA:802,3
DA:803,3
DA:805,3
DA:809,3
DA:810,3
DA:815,3
DA:817,3
DA:833,3
DA:834,3
DA:836,3
DA:838,3
DA:839,6
DA:841,3
DA:843,3
DA:845,3
DA:847,3
DA:849,3
DA:851,3
DA:853,3
DA:855,3
DA:856,3
DA:857,3
DA:861,3
DA:863,3
DA:872,3
DA:874,3
DA:885,3
DA:887,3
DA:897,3
DA:898,3
DA:900,3
DA:901,3
DA:902,3
DA:903,3
DA:904,3
DA:906,3
DA:907,1
DA:908,3
DA:912,3
DA:916,3
DA:917,3
DA:918,3
DA:920,3
DA:922,3
DA:924,3
DA:937,3
DA:939,1
DA:940,3
DA:944,3
DA:947,3
DA:948,3
DA:949,3
DA:950,3
DA:974,3
DA:976,3
DA:977,6
DA:978,3
DA:983,9
DA:984,12
DA:988,9
DA:989,12
DA:993,3
LF:349
LH:303
end_of_record
SF:lib\services\incident_service.dart
DA:8,15
DA:9,5
DA:14,10
DA:20,5
DA:22,5
DA:27,10
DA:33,5
DA:37,15
DA:40,15
DA:43,5
DA:44,5
DA:45,8
DA:46,18
DA:50,3
DA:51,15
DA:52,6
DA:53,9
DA:54,12
DA:55,3
DA:59,1
DA:60,5
DA:61,2
DA:62,2
DA:63,3
DA:64,2
DA:65,1
DA:69,1
DA:70,5
DA:71,2
DA:72,3
DA:73,8
DA:74,4
DA:75,1
LF:33
LH:33
end_of_record
SF:lib\screens\reports_screen.dart
DA:19,2
DA:21,3
DA:22,3
DA:35,3
DA:37,3
DA:38,3
DA:39,10
DA:40,6
DA:41,2
DA:42,4
DA:47,3
DA:49,6
DA:50,3
DA:53,3
DA:54,2
DA:55,3
DA:56,3
DA:57,9
DA:60,3
DA:62,3
DA:66,3
DA:68,3
DA:71,3
DA:72,6
DA:74,0
DA:78,3
DA:80,3
DA:87,3
DA:88,3
DA:90,0
DA:93,3
DA:95,3
DA:97,3
DA:101,3
DA:102,3
DA:104,3
DA:105,3
DA:107,3
DA:110,3
DA:112,3
DA:113,3
DA:115,3
DA:123,3
DA:125,3
DA:127,3
DA:128,3
DA:130,3
DA:131,12
DA:132,6
DA:133,3
DA:134,3
DA:135,1
DA:136,3
DA:137,3
DA:141,3
DA:143,3
DA:145,3
DA:147,3
DA:149,3
DA:153,3
DA:154,6
DA:155,3
DA:175,3
DA:176,3
DA:178,6
DA:179,3
DA:180,3
DA:182,9
DA:191,3
DA:195,3
DA:196,3
DA:197,1
DA:198,2
DA:199,3
DA:200,1
DA:209,1
DA:217,1
DA:219,1
DA:226,3
DA:227,6
DA:228,3
DA:230,3
DA:232,3
DA:233,3
DA:235,3
DA:237,3
DA:238,3
DA:239,3
DA:241,3
DA:243,3
DA:244,3
DA:246,3
DA:247,3
DA:249,3
DA:250,9
DA:252,18
DA:255,3
DA:257,3
DA:259,3
DA:260,3
DA:262,9
DA:267,9
DA:269,3
DA:270,3
DA:271,3
DA:272,3
DA:274,3
DA:275,3
DA:276,3
DA:277,1
DA:278,2
DA:279,1
DA:280,3
DA:282,3
DA:285,6
DA:291,3
DA:292,3
DA:294,3
DA:295,3
DA:296,3
DA:297,1
DA:298,2
DA:299,1
DA:300,3
DA:302,3
DA:305,3
DA:306,3
DA:307,3
DA:309,6
LF:129
LH:127
end_of_record
SF:lib\screens\resources_screen.dart
DA:7,2
DA:9,2
DA:10,2
DA:41,2
DA:43,2
DA:44,2
DA:46,2
DA:48,2
DA:51,2
DA:52,4
DA:54,0
DA:58,2
DA:60,2
DA:67,2
DA:68,2
DA:70,2
DA:71,2
DA:73,0
DA:75,2
DA:78,2
DA:90,2
DA:92,2
DA:94,2
DA:98,2
DA:99,2
DA:100,2
DA:101,2
DA:103,2
DA:105,2
DA:106,2
DA:108,2
DA:110,2
DA:115,2
DA:119,2
DA:120,2
DA:121,1
DA:122,2
DA:123,3
DA:124,1
DA:133,2
DA:134,2
DA:135,2
DA:136,2
DA:137,2
DA:139,2
DA:140,2
DA:141,2
DA:142,4
DA:144,2
DA:145,2
DA:147,4
DA:149,2
DA:150,2
DA:151,2
DA:152,2
DA:154,4
DA:165,2
DA:168,2
DA:169,2
DA:170,2
DA:171,4
DA:173,2
DA:174,4
DA:175,1
DA:182,2
DA:183,2
DA:185,2
DA:186,2
DA:188,2
DA:196,2
DA:205,2
DA:217,2
DA:225,4
DA:226,2
DA:228,2
DA:229,2
DA:230,2
DA:231,6
DA:233,2
DA:235,2
DA:236,2
DA:238,2
DA:239,2
DA:241,2
DA:243,2
DA:245,2
DA:246,2
DA:247,2
DA:248,4
DA:250,2
DA:252,2
DA:258,2
DA:260,2
DA:261,2
DA:263,4
DA:265,2
DA:266,2
DA:267,2
DA:268,2
DA:269,2
DA:270,2
DA:276,2
DA:277,2
DA:278,4
DA:286,2
DA:288,2
DA:289,2
DA:291,2
DA:294,2
DA:295,2
DA:296,2
DA:297,2
DA:298,2
DA:299,0
DA:300,2
DA:301,4
DA:302,4
DA:305,4
DA:309,2
DA:310,2
DA:311,0
DA:312,2
DA:313,2
DA:314,4
DA:317,4
DA:320,2
DA:321,2
DA:322,2
DA:323,0
DA:324,2
DA:326,4
DA:329,4
DA:340,2
DA:341,2
DA:343,2
DA:344,2
DA:346,2
DA:347,2
DA:349,2
DA:356,2
DA:357,2
DA:358,6
DA:360,4
DA:366,6
DA:367,4
DA:370,2
DA:373,2
DA:374,2
DA:375,2
DA:376,4
DA:378,2
DA:379,2
DA:380,2
DA:382,2
DA:383,4
DA:384,2
DA:386,2
DA:387,4
DA:388,2
DA:392,2
DA:393,2
DA:395,2
DA:396,2
DA:397,2
DA:398,2
DA:401,2
DA:402,2
DA:403,4
DA:405,10
DA:407,4
DA:409,8
DA:415,2
DA:417,2
DA:418,2
DA:419,2
DA:420,4
DA:422,2
DA:423,4
DA:424,2
DA:435,1
DA:443,1
DA:445,1
LF:182
LH:177
end_of_record
SF:lib\main.dart
DA:10,1
DA:11,1
DA:15,1
DA:17,2
DA:19,2
DA:22,2
DA:24,2
DA:25,2
DA:26,1
DA:27,1
DA:28,1
DA:29,1
DA:30,1
LF:13
LH:13
end_of_record
